<?xml version="1.0" encoding="UTF-8"?>
<!-- Generated by org.testng.reporters.JUnitReportReporter -->
<testsuite hostname="LAPTOP-OCIA1DL8" failures="0" tests="1" name="demoPackage.ManageNewsTest" time="22.334" errors="0" timestamp="2025-08-25T14:37:50 IST" skipped="0">
  <testcase classname="demoPackage.ManageNewsTest" name="manageNews" time="22.334"/>
</testsuite> <!-- demoPackage.ManageNewsTest -->
