<?xml version="1.0" encoding="UTF-8"?>
<!-- Generated by org.testng.reporters.JUnitReportReporter -->
<testsuite hostname="LAPTOP-OCIA1DL8" failures="0" tests="1" name="demoPackage.LoginTest" time="6.589" errors="0" timestamp="2025-08-25T14:37:50 IST" skipped="0">
  <testcase classname="demoPackage.LoginTest" name="loginWithValidCredentials" time="6.589"/>
</testsuite> <!-- demoPackage.LoginTest -->
